[2018-11-26 11:54:00] local.ERROR: Undefined variable: tasks (View: E:\Campus\Second Year\second sem\php\New\laravel-pool-parlor-group-project\resources\views\home.blade.php) {"userId":1,"email":"manoj@m.com","exception":"[object] (ErrorException(code: 0): Undefined variable: tasks (View: E:\\Campus\\Second Year\\second sem\\php\\New\\laravel-pool-parlor-group-project\esources\\views\\home.blade.php) at E:\\Campus\\Second Year\\second sem\\php\\New\\laravel-pool-parlor-group-project\\storage\\framework\\views\\e0bcd82d47c1f45231f122fa420e41526c11e804.php:51, ErrorException(code: 0): Undefined variable: tasks at E:\\Campus\\Second Year\\second sem\\php\\New\\laravel-pool-parlor-group-project\\storage\\framework\\views\\e0bcd82d47c1f45231f122fa420e41526c11e804.php:51)
[stacktrace]
#0 E:\\Campus\\Second Year\\second sem\\php\\New\\laravel-pool-parlor-group-project\\vendor\\laravel\\framework\\src\\Illuminate\\View\\Engines\\PhpEngine.php(45): Illuminate\\View\\Engines\\CompilerEngine->handleViewException(Object(ErrorException), 1)
#1 E:\\Campus\\Second Year\\second sem\\php\\New\\laravel-pool-parlor-group-project\\vendor\\laravel\\framework\\src\\Illuminate\\View\\Engines\\CompilerEngine.php(59): Illuminate\\View\\Engines\\PhpEngine->evaluatePath('E:\\\\Campus\\\\Secon...', Array)
#2 E:\\Campus\\Second Year\\second sem\\php\\New\\laravel-pool-parlor-group-project\\vendor\\laravel\\framework\\src\\Illuminate\\View\\View.php(142): Illuminate\\View\\Engines\\CompilerEngine->get('E:\\\\Campus\\\\Secon...', Array)
#3 E:\\Campus\\Second Year\\second sem\\php\\New\\laravel-pool-parlor-group-project\\vendor\\laravel\\framework\\src\\Illuminate\\View\\View.php(125): Illuminate\\View\\View->getContents()
#4 E:\\Campus\\Second Year\\second sem\\php\\New\\laravel-pool-parlor-group-project\\vendor\\laravel\\framework\\src\\Illuminate\\View\\View.php(90): Illuminate\\View\\View->renderContents()
#5 E:\\Campus\\Second Year\\second sem\\php\\New\\laravel-pool-parlor-group-project\\vendor\\laravel\\framework\\src\\Illuminate\\Http\\Response.php(42): Illuminate\\View\\View->render()
#6 E:\\Campus\\Second Year\\second sem\\php\\New\\laravel-pool-parlor-group-project\\vendor\\symfony\\http-foundation\\Response.php(202): Illuminate\\Http\\Response->setContent(Object(Illuminate\\View\\View))
#7 E:\\Campus\\Second Year\\second sem\\php\\New\\laravel-pool-parlor-group-project\\vendor\\laravel\\framework\\src\\Illuminate\\Routing\\Router.php(747): Symfony\\Component\\HttpFoundation\\Response->__construct(Object(Illuminate\\View\\View))
#8 E:\\Campus\\Second Year\\second sem\\php\\New\\laravel-pool-parlor-group-project\\vendor\\laravel\\framework\\src\\Illuminate\\Routing\\Router.php(719): Illuminate\\Routing\\Router::toResponse(Object(Illuminate\\Http\\Request), Object(Illuminate\\View\\View))
#9 E:\\Campus\\Second Year\\second sem\\php\\New\\laravel-pool-parlor-group-project\\vendor\\laravel\\framework\\src\\Illuminate\\Routing\\Router.php(679): Illuminate\\Routing\\Router->prepareResponse(Object(Illuminate\\Http\\Request), Object(Illuminate\\View\\View))
#10 E:\\Campus\\Second Year\\second sem\\php\\New\\laravel-pool-parlor-group-project\\vendor\\laravel\\framework\\src\\Illuminate\\Routing\\Pipeline.php(30): Illuminate\\Routing\\Router->Illuminate\\Routing\\{closure}(Object(Illuminate\\Http\\Request))
#11 E:\\Campus\\Second Year\\second sem\\php\\New\\laravel-pool-parlor-group-project\\vendor\\laravel\\framework\\src\\Illuminate\\Routing\\Middleware\\SubstituteBindings.php(41): Illuminate\\Routing\\Pipeline->Illuminate\\Routing\\{closure}(Object(Illuminate\\Http\\Request))
#12 E:\\Campus\\Second Year\\second sem\\php\\New\\laravel-pool-parlor-group-project\\vendor\\laravel\\framework\\src\\Illuminate\\Pipeline\\Pipeline.php(151): Illuminate\\Routing\\Middleware\\SubstituteBindings->handle(Object(Illuminate\\Http\\Request), Object(Closure))
#13 E:\\Campus\\Second Year\\second sem\\php\\New\\laravel-pool-parlor-group-project\\vendor\\laravel\\framework\\src\\Illuminate\\Routing\\Pipeline.php(53): Illuminate\\Pipeline\\Pipeline->Illuminate\\Pipeline\\{closure}(Object(Illuminate\\Http\\Request))
#14 E:\\Campus\\Second Year\\second sem\\php\\New\\laravel-pool-parlor-group-project\\vendor\\laravel\\framework\\src\\Illuminate\\Foundation\\Http\\Middleware\\VerifyCsrfToken.php(75): Illuminate\\Routing\\Pipeline->Illuminate\\Routing\\{closure}(Object(Illuminate\\Http\\Request))
#15 E:\\Campus\\Second Year\\second sem\\php\\New\\laravel-pool-parlor-group-project\\vendor\\laravel\\framework\\src\\Illuminate\\Pipeline\\Pipeline.php(151): Illuminate\\Foundation\\Http\\Middleware\\VerifyCsrfToken->handle(Object(Illuminate\\Http\\Request), Object(Closure))
#16 E:\\Campus\\Second Year\\second sem\\php\\New\\laravel-pool-parlor-group-project\\vendor\\laravel\\framework\\src\\Illuminate\\Routing\\Pipeline.php(53): Illuminate\\Pipeline\\Pipeline->Illuminate\\Pipeline\\{closure}(Object(Illuminate\\Http\\Request))
#17 E:\\Campus\\Second Year\\second sem\\php\\New\\laravel-pool-parlor-group-project\\vendor\\laravel\\framework\\src\\Illuminate\\View\\Middleware\\ShareErrorsFromSession.php(49): Illuminate\\Routing\\Pipeline->Illuminate\\Routing\\{closure}(Object(Illuminate\\Http\\Request))
#18 E:\\Campus\\Second Year\\second sem\\php\\New\\laravel-pool-parlor-group-project\\vendor\\laravel\\framework\\src\\Illuminate\\Pipeline\\Pipeline.php(151): Illuminate\\View\\Middleware\\ShareErrorsFromSession->handle(Object(Illuminate\\Http\\Request), Object(Closure))
#19 E:\\Campus\\Second Year\\second sem\\php\\New\\laravel-pool-parlor-group-project\\vendor\\laravel\\framework\\src\\Illuminate\\Routing\\Pipeline.php(53): Illuminate\\Pipeline\\Pipeline->Illuminate\\Pipeline\\{closure}(Object(Illuminate\\Http\\Request))
#20 E:\\Campus\\Second Year\\second sem\\php\\New\\laravel-pool-parlor-group-project\\vendor\\laravel\\framework\\src\\Illuminate\\Session\\Middleware\\StartSession.php(63): Illuminate\\Routing\\Pipeline->Illuminate\\Routing\\{closure}(Object(Illuminate\\Http\\Request))
#21 E:\\Campus\\Second Year\\second sem\\php\\New\\laravel-pool-parlor-group-project\\vendor\\laravel\\framework\\src\\Illuminate\\Pipeline\\Pipeline.php(151): Illuminate\\Session\\Middleware\\StartSession->handle(Object(Illuminate\\Http\\Request), Object(Closure))
#22 E:\\Campus\\Second Year\\second sem\\php\\New\\laravel-pool-parlor-group-project\\vendor\\laravel\\framework\\src\\Illuminate\\Routing\\Pipeline.php(53): Illuminate\\Pipeline\\Pipeline->Illuminate\\Pipeline\\{closure}(Object(Illuminate\\Http\\Request))
#23 E:\\Campus\\Second Year\\second sem\\php\\New\\laravel-pool-parlor-group-project\\vendor\\laravel\\framework\\src\\Illuminate\\Cookie\\Middleware\\AddQueuedCookiesToResponse.php(37): Illuminate\\Routing\\Pipeline->Illuminate\\Routing\\{closure}(Object(Illuminate\\Http\\Request))
#24 E:\\Campus\\Second Year\\second sem\\php\\New\\laravel-pool-parlor-group-project\\vendor\\laravel\\framework\\src\\Illuminate\\Pipeline\\Pipeline.php(151): Illuminate\\Cookie\\Middleware\\AddQueuedCookiesToResponse->handle(Object(Illuminate\\Http\\Request), Object(Closure))
#25 E:\\Campus\\Second Year\\second sem\\php\\New\\laravel-pool-parlor-group-project\\vendor\\laravel\\framework\\src\\Illuminate\\Routing\\Pipeline.php(53): Illuminate\\Pipeline\\Pipeline->Illuminate\\Pipeline\\{closure}(Object(Illuminate\\Http\\Request))
#26 E:\\Campus\\Second Year\\second sem\\php\\New\\laravel-pool-parlor-group-project\\vendor\\laravel\\framework\\src\\Illuminate\\Cookie\\Middleware\\EncryptCookies.php(66): Illuminate\\Routing\\Pipeline->Illuminate\\Routing\\{closure}(Object(Illuminate\\Http\\Request))
#27 E:\\Campus\\Second Year\\second sem\\php\\New\\laravel-pool-parlor-group-project\\vendor\\laravel\\framework\\src\\Illuminate\\Pipeline\\Pipeline.php(151): Illuminate\\Cookie\\Middleware\\EncryptCookies->handle(Object(Illuminate\\Http\\Request), Object(Closure))
#28 E:\\Campus\\Second Year\\second sem\\php\\New\\laravel-pool-parlor-group-project\\vendor\\laravel\\framework\\src\\Illuminate\\Routing\\Pipeline.php(53): Illuminate\\Pipeline\\Pipeline->Illuminate\\Pipeline\\{closure}(Object(Illuminate\\Http\\Request))
#29 E:\\Campus\\Second Year\\second sem\\php\\New\\laravel-pool-parlor-group-project\\vendor\\laravel\\framework\\src\\Illuminate\\Pipeline\\Pipeline.php(104): Illuminate\\Routing\\Pipeline->Illuminate\\Routing\\{closure}(Object(Illuminate\\Http\\Request))
#30 E:\\Campus\\Second Year\\second sem\\php\\New\\laravel-pool-parlor-group-project\\vendor\\laravel\\framework\\src\\Illuminate\\Routing\\Router.php(681): Illuminate\\Pipeline\\Pipeline->then(Object(Closure))
#31 E:\\Campus\\Second Year\\second sem\\php\\New\\laravel-pool-parlor-group-project\\vendor\\laravel\\framework\\src\\Illuminate\\Routing\\Router.php(656): Illuminate\\Routing\\Router->runRouteWithinStack(Object(Illuminate\\Routing\\Route), Object(Illuminate\\Http\\Request))
#32 E:\\Campus\\Second Year\\second sem\\php\\New\\laravel-pool-parlor-group-project\\vendor\\laravel\\framework\\src\\Illuminate\\Routing\\Router.php(622): Illuminate\\Routing\\Router->runRoute(Object(Illuminate\\Http\\Request), Object(Illuminate\\Routing\\Route))
#33 E:\\Campus\\Second Year\\second sem\\php\\New\\laravel-pool-parlor-group-project\\vendor\\laravel\\framework\\src\\Illuminate\\Routing\\Router.php(611): Illuminate\\Routing\\Router->dispatchToRoute(Object(Illuminate\\Http\\Request))
#34 E:\\Campus\\Second Year\\second sem\\php\\New\\laravel-pool-parlor-group-project\\vendor\\laravel\\framework\\src\\Illuminate\\Foundation\\Http\\Kernel.php(176): Illuminate\\Routing\\Router->dispatch(Object(Illuminate\\Http\\Request))
#35 E:\\Campus\\Second Year\\second sem\\php\\New\\laravel-pool-parlor-group-project\\vendor\\laravel\\framework\\src\\Illuminate\\Routing\\Pipeline.php(30): Illuminate\\Foundation\\Http\\Kernel->Illuminate\\Foundation\\Http\\{closure}(Object(Illuminate\\Http\\Request))
#36 E:\\Campus\\Second Year\\second sem\\php\\New\\laravel-pool-parlor-group-project\\vendor\\fideloper\\proxy\\src\\TrustProxies.php(57): Illuminate\\Routing\\Pipeline->Illuminate\\Routing\\{closure}(Object(Illuminate\\Http\\Request))
#37 E:\\Campus\\Second Year\\second sem\\php\\New\\laravel-pool-parlor-group-project\\vendor\\laravel\\framework\\src\\Illuminate\\Pipeline\\Pipeline.php(151): Fideloper\\Proxy\\TrustProxies->handle(Object(Illuminate\\Http\\Request), Object(Closure))
#38 E:\\Campus\\Second Year\\second sem\\php\\New\\laravel-pool-parlor-group-project\\vendor\\laravel\\framework\\src\\Illuminate\\Routing\\Pipeline.php(53): Illuminate\\Pipeline\\Pipeline->Illuminate\\Pipeline\\{closure}(Object(Illuminate\\Http\\Request))
#39 E:\\Campus\\Second Year\\second sem\\php\\New\\laravel-pool-parlor-group-project\\vendor\\laravel\\framework\\src\\Illuminate\\Foundation\\Http\\Middleware\\TransformsRequest.php(31): Illuminate\\Routing\\Pipeline->Illuminate\\Routing\\{closure}(Object(Illuminate\\Http\\Request))
#40 E:\\Campus\\Second Year\\second sem\\php\\New\\laravel-pool-parlor-group-project\\vendor\\laravel\\framework\\src\\Illuminate\\Pipeline\\Pipeline.php(151): Illuminate\\Foundation\\Http\\Middleware\\TransformsRequest->handle(Object(Illuminate\\Http\\Request), Object(Closure))
#41 E:\\Campus\\Second Year\\second sem\\php\\New\\laravel-pool-parlor-group-project\\vendor\\laravel\\framework\\src\\Illuminate\\Routing\\Pipeline.php(53): Illuminate\\Pipeline\\Pipeline->Illuminate\\Pipeline\\{closure}(Object(Illuminate\\Http\\Request))
#42 E:\\Campus\\Second Year\\second sem\\php\\New\\laravel-pool-parlor-group-project\\vendor\\laravel\\framework\\src\\Illuminate\\Foundation\\Http\\Middleware\\TransformsRequest.php(31): Illuminate\\Routing\\Pipeline->Illuminate\\Routing\\{closure}(Object(Illuminate\\Http\\Request))
#43 E:\\Campus\\Second Year\\second sem\\php\\New\\laravel-pool-parlor-group-project\\vendor\\laravel\\framework\\src\\Illuminate\\Pipeline\\Pipeline.php(151): Illuminate\\Foundation\\Http\\Middleware\\TransformsRequest->handle(Object(Illuminate\\Http\\Request), Object(Closure))
#44 E:\\Campus\\Second Year\\second sem\\php\\New\\laravel-pool-parlor-group-project\\vendor\\laravel\\framework\\src\\Illuminate\\Routing\\Pipeline.php(53): Illuminate\\Pipeline\\Pipeline->Illuminate\\Pipeline\\{closure}(Object(Illuminate\\Http\\Request))
#45 E:\\Campus\\Second Year\\second sem\\php\\New\\laravel-pool-parlor-group-project\\vendor\\laravel\\framework\\src\\Illuminate\\Foundation\\Http\\Middleware\\ValidatePostSize.php(27): Illuminate\\Routing\\Pipeline->Illuminate\\Routing\\{closure}(Object(Illuminate\\Http\\Request))
#46 E:\\Campus\\Second Year\\second sem\\php\\New\\laravel-pool-parlor-group-project\\vendor\\laravel\\framework\\src\\Illuminate\\Pipeline\\Pipeline.php(151): Illuminate\\Foundation\\Http\\Middleware\\ValidatePostSize->handle(Object(Illuminate\\Http\\Request), Object(Closure))
#47 E:\\Campus\\Second Year\\second sem\\php\\New\\laravel-pool-parlor-group-project\\vendor\\laravel\\framework\\src\\Illuminate\\Routing\\Pipeline.php(53): Illuminate\\Pipeline\\Pipeline->Illuminate\\Pipeline\\{closure}(Object(Illuminate\\Http\\Request))
#48 E:\\Campus\\Second Year\\second sem\\php\\New\\laravel-pool-parlor-group-project\\vendor\\laravel\\framework\\src\\Illuminate\\Foundation\\Http\\Middleware\\CheckForMaintenanceMode.php(62): Illuminate\\Routing\\Pipeline->Illuminate\\Routing\\{closure}(Object(Illuminate\\Http\\Request))
#49 E:\\Campus\\Second Year\\second sem\\php\\New\\laravel-pool-parlor-group-project\\vendor\\laravel\\framework\\src\\Illuminate\\Pipeline\\Pipeline.php(151): Illuminate\\Foundation\\Http\\Middleware\\CheckForMaintenanceMode->handle(Object(Illuminate\\Http\\Request), Object(Closure))
#50 E:\\Campus\\Second Year\\second sem\\php\\New\\laravel-pool-parlor-group-project\\vendor\\laravel\\framework\\src\\Illuminate\\Routing\\Pipeline.php(53): Illuminate\\Pipeline\\Pipeline->Illuminate\\Pipeline\\{closure}(Object(Illuminate\\Http\\Request))
#51 E:\\Campus\\Second Year\\second sem\\php\\New\\laravel-pool-parlor-group-project\\vendor\\laravel\\framework\\src\\Illuminate\\Pipeline\\Pipeline.php(104): Illuminate\\Routing\\Pipeline->Illuminate\\Routing\\{closure}(Object(Illuminate\\Http\\Request))
#52 E:\\Campus\\Second Year\\second sem\\php\\New\\laravel-pool-parlor-group-project\\vendor\\laravel\\framework\\src\\Illuminate\\Foundation\\Http\\Kernel.php(151): Illuminate\\Pipeline\\Pipeline->then(Object(Closure))
#53 E:\\Campus\\Second Year\\second sem\\php\\New\\laravel-pool-parlor-group-project\\vendor\\laravel\\framework\\src\\Illuminate\\Foundation\\Http\\Kernel.php(116): Illuminate\\Foundation\\Http\\Kernel->sendRequestThroughRouter(Object(Illuminate\\Http\\Request))
#54 E:\\Campus\\Second Year\\second sem\\php\\New\\laravel-pool-parlor-group-project\\public\\index.php(55): Illuminate\\Foundation\\Http\\Kernel->handle(Object(Illuminate\\Http\\Request))
#55 E:\\Campus\\Second Year\\second sem\\php\\New\\laravel-pool-parlor-group-project\\server.php(21): require_once('E:\\\\Campus\\\\Secon...')
#56 {main}
"} 
[2018-11-26 11:59:54] local.ERROR: Undefined variable: tasks (View: E:\Campus\Second Year\second sem\php\New\laravel-pool-parlor-group-project\resources\views\home.blade.php) {"userId":1,"email":"manoj@m.com","exception":"[object] (ErrorException(code: 0): Undefined variable: tasks (View: E:\\Campus\\Second Year\\second sem\\php\\New\\laravel-pool-parlor-group-project\esources\\views\\home.blade.php) at E:\\Campus\\Second Year\\second sem\\php\\New\\laravel-pool-parlor-group-project\\storage\\framework\\views\\e0bcd82d47c1f45231f122fa420e41526c11e804.php:51, ErrorException(code: 0): Undefined variable: tasks at E:\\Campus\\Second Year\\second sem\\php\\New\\laravel-pool-parlor-group-project\\storage\\framework\\views\\e0bcd82d47c1f45231f122fa420e41526c11e804.php:51)
[stacktrace]
#0 E:\\Campus\\Second Year\\second sem\\php\\New\\laravel-pool-parlor-group-project\\vendor\\laravel\\framework\\src\\Illuminate\\View\\Engines\\PhpEngine.php(45): Illuminate\\View\\Engines\\CompilerEngine->handleViewException(Object(ErrorException), 1)
#1 E:\\Campus\\Second Year\\second sem\\php\\New\\laravel-pool-parlor-group-project\\vendor\\laravel\\framework\\src\\Illuminate\\View\\Engines\\CompilerEngine.php(59): Illuminate\\View\\Engines\\PhpEngine->evaluatePath('E:\\\\Campus\\\\Secon...', Array)
#2 E:\\Campus\\Second Year\\second sem\\php\\New\\laravel-pool-parlor-group-project\\vendor\\laravel\\framework\\src\\Illuminate\\View\\View.php(142): Illuminate\\View\\Engines\\CompilerEngine->get('E:\\\\Campus\\\\Secon...', Array)
#3 E:\\Campus\\Second Year\\second sem\\php\\New\\laravel-pool-parlor-group-project\\vendor\\laravel\\framework\\src\\Illuminate\\View\\View.php(125): Illuminate\\View\\View->getContents()
#4 E:\\Campus\\Second Year\\second sem\\php\\New\\laravel-pool-parlor-group-project\\vendor\\laravel\\framework\\src\\Illuminate\\View\\View.php(90): Illuminate\\View\\View->renderContents()
#5 E:\\Campus\\Second Year\\second sem\\php\\New\\laravel-pool-parlor-group-project\\vendor\\laravel\\framework\\src\\Illuminate\\Http\\Response.php(42): Illuminate\\View\\View->render()
#6 E:\\Campus\\Second Year\\second sem\\php\\New\\laravel-pool-parlor-group-project\\vendor\\symfony\\http-foundation\\Response.php(202): Illuminate\\Http\\Response->setContent(Object(Illuminate\\View\\View))
#7 E:\\Campus\\Second Year\\second sem\\php\\New\\laravel-pool-parlor-group-project\\vendor\\laravel\\framework\\src\\Illuminate\\Routing\\Router.php(747): Symfony\\Component\\HttpFoundation\\Response->__construct(Object(Illuminate\\View\\View))
#8 E:\\Campus\\Second Year\\second sem\\php\\New\\laravel-pool-parlor-group-project\\vendor\\laravel\\framework\\src\\Illuminate\\Routing\\Router.php(719): Illuminate\\Routing\\Router::toResponse(Object(Illuminate\\Http\\Request), Object(Illuminate\\View\\View))
#9 E:\\Campus\\Second Year\\second sem\\php\\New\\laravel-pool-parlor-group-project\\vendor\\laravel\\framework\\src\\Illuminate\\Routing\\Router.php(679): Illuminate\\Routing\\Router->prepareResponse(Object(Illuminate\\Http\\Request), Object(Illuminate\\View\\View))
#10 E:\\Campus\\Second Year\\second sem\\php\\New\\laravel-pool-parlor-group-project\\vendor\\laravel\\framework\\src\\Illuminate\\Routing\\Pipeline.php(30): Illuminate\\Routing\\Router->Illuminate\\Routing\\{closure}(Object(Illuminate\\Http\\Request))
#11 E:\\Campus\\Second Year\\second sem\\php\\New\\laravel-pool-parlor-group-project\\vendor\\laravel\\framework\\src\\Illuminate\\Routing\\Middleware\\SubstituteBindings.php(41): Illuminate\\Routing\\Pipeline->Illuminate\\Routing\\{closure}(Object(Illuminate\\Http\\Request))
#12 E:\\Campus\\Second Year\\second sem\\php\\New\\laravel-pool-parlor-group-project\\vendor\\laravel\\framework\\src\\Illuminate\\Pipeline\\Pipeline.php(151): Illuminate\\Routing\\Middleware\\SubstituteBindings->handle(Object(Illuminate\\Http\\Request), Object(Closure))
#13 E:\\Campus\\Second Year\\second sem\\php\\New\\laravel-pool-parlor-group-project\\vendor\\laravel\\framework\\src\\Illuminate\\Routing\\Pipeline.php(53): Illuminate\\Pipeline\\Pipeline->Illuminate\\Pipeline\\{closure}(Object(Illuminate\\Http\\Request))
#14 E:\\Campus\\Second Year\\second sem\\php\\New\\laravel-pool-parlor-group-project\\vendor\\laravel\\framework\\src\\Illuminate\\Foundation\\Http\\Middleware\\VerifyCsrfToken.php(75): Illuminate\\Routing\\Pipeline->Illuminate\\Routing\\{closure}(Object(Illuminate\\Http\\Request))
#15 E:\\Campus\\Second Year\\second sem\\php\\New\\laravel-pool-parlor-group-project\\vendor\\laravel\\framework\\src\\Illuminate\\Pipeline\\Pipeline.php(151): Illuminate\\Foundation\\Http\\Middleware\\VerifyCsrfToken->handle(Object(Illuminate\\Http\\Request), Object(Closure))
#16 E:\\Campus\\Second Year\\second sem\\php\\New\\laravel-pool-parlor-group-project\\vendor\\laravel\\framework\\src\\Illuminate\\Routing\\Pipeline.php(53): Illuminate\\Pipeline\\Pipeline->Illuminate\\Pipeline\\{closure}(Object(Illuminate\\Http\\Request))
#17 E:\\Campus\\Second Year\\second sem\\php\\New\\laravel-pool-parlor-group-project\\vendor\\laravel\\framework\\src\\Illuminate\\View\\Middleware\\ShareErrorsFromSession.php(49): Illuminate\\Routing\\Pipeline->Illuminate\\Routing\\{closure}(Object(Illuminate\\Http\\Request))
#18 E:\\Campus\\Second Year\\second sem\\php\\New\\laravel-pool-parlor-group-project\\vendor\\laravel\\framework\\src\\Illuminate\\Pipeline\\Pipeline.php(151): Illuminate\\View\\Middleware\\ShareErrorsFromSession->handle(Object(Illuminate\\Http\\Request), Object(Closure))
#19 E:\\Campus\\Second Year\\second sem\\php\\New\\laravel-pool-parlor-group-project\\vendor\\laravel\\framework\\src\\Illuminate\\Routing\\Pipeline.php(53): Illuminate\\Pipeline\\Pipeline->Illuminate\\Pipeline\\{closure}(Object(Illuminate\\Http\\Request))
#20 E:\\Campus\\Second Year\\second sem\\php\\New\\laravel-pool-parlor-group-project\\vendor\\laravel\\framework\\src\\Illuminate\\Session\\Middleware\\StartSession.php(63): Illuminate\\Routing\\Pipeline->Illuminate\\Routing\\{closure}(Object(Illuminate\\Http\\Request))
#21 E:\\Campus\\Second Year\\second sem\\php\\New\\laravel-pool-parlor-group-project\\vendor\\laravel\\framework\\src\\Illuminate\\Pipeline\\Pipeline.php(151): Illuminate\\Session\\Middleware\\StartSession->handle(Object(Illuminate\\Http\\Request), Object(Closure))
#22 E:\\Campus\\Second Year\\second sem\\php\\New\\laravel-pool-parlor-group-project\\vendor\\laravel\\framework\\src\\Illuminate\\Routing\\Pipeline.php(53): Illuminate\\Pipeline\\Pipeline->Illuminate\\Pipeline\\{closure}(Object(Illuminate\\Http\\Request))
#23 E:\\Campus\\Second Year\\second sem\\php\\New\\laravel-pool-parlor-group-project\\vendor\\laravel\\framework\\src\\Illuminate\\Cookie\\Middleware\\AddQueuedCookiesToResponse.php(37): Illuminate\\Routing\\Pipeline->Illuminate\\Routing\\{closure}(Object(Illuminate\\Http\\Request))
#24 E:\\Campus\\Second Year\\second sem\\php\\New\\laravel-pool-parlor-group-project\\vendor\\laravel\\framework\\src\\Illuminate\\Pipeline\\Pipeline.php(151): Illuminate\\Cookie\\Middleware\\AddQueuedCookiesToResponse->handle(Object(Illuminate\\Http\\Request), Object(Closure))
#25 E:\\Campus\\Second Year\\second sem\\php\\New\\laravel-pool-parlor-group-project\\vendor\\laravel\\framework\\src\\Illuminate\\Routing\\Pipeline.php(53): Illuminate\\Pipeline\\Pipeline->Illuminate\\Pipeline\\{closure}(Object(Illuminate\\Http\\Request))
#26 E:\\Campus\\Second Year\\second sem\\php\\New\\laravel-pool-parlor-group-project\\vendor\\laravel\\framework\\src\\Illuminate\\Cookie\\Middleware\\EncryptCookies.php(66): Illuminate\\Routing\\Pipeline->Illuminate\\Routing\\{closure}(Object(Illuminate\\Http\\Request))
#27 E:\\Campus\\Second Year\\second sem\\php\\New\\laravel-pool-parlor-group-project\\vendor\\laravel\\framework\\src\\Illuminate\\Pipeline\\Pipeline.php(151): Illuminate\\Cookie\\Middleware\\EncryptCookies->handle(Object(Illuminate\\Http\\Request), Object(Closure))
#28 E:\\Campus\\Second Year\\second sem\\php\\New\\laravel-pool-parlor-group-project\\vendor\\laravel\\framework\\src\\Illuminate\\Routing\\Pipeline.php(53): Illuminate\\Pipeline\\Pipeline->Illuminate\\Pipeline\\{closure}(Object(Illuminate\\Http\\Request))
#29 E:\\Campus\\Second Year\\second sem\\php\\New\\laravel-pool-parlor-group-project\\vendor\\laravel\\framework\\src\\Illuminate\\Pipeline\\Pipeline.php(104): Illuminate\\Routing\\Pipeline->Illuminate\\Routing\\{closure}(Object(Illuminate\\Http\\Request))
#30 E:\\Campus\\Second Year\\second sem\\php\\New\\laravel-pool-parlor-group-project\\vendor\\laravel\\framework\\src\\Illuminate\\Routing\\Router.php(681): Illuminate\\Pipeline\\Pipeline->then(Object(Closure))
#31 E:\\Campus\\Second Year\\second sem\\php\\New\\laravel-pool-parlor-group-project\\vendor\\laravel\\framework\\src\\Illuminate\\Routing\\Router.php(656): Illuminate\\Routing\\Router->runRouteWithinStack(Object(Illuminate\\Routing\\Route), Object(Illuminate\\Http\\Request))
#32 E:\\Campus\\Second Year\\second sem\\php\\New\\laravel-pool-parlor-group-project\\vendor\\laravel\\framework\\src\\Illuminate\\Routing\\Router.php(622): Illuminate\\Routing\\Router->runRoute(Object(Illuminate\\Http\\Request), Object(Illuminate\\Routing\\Route))
#33 E:\\Campus\\Second Year\\second sem\\php\\New\\laravel-pool-parlor-group-project\\vendor\\laravel\\framework\\src\\Illuminate\\Routing\\Router.php(611): Illuminate\\Routing\\Router->dispatchToRoute(Object(Illuminate\\Http\\Request))
#34 E:\\Campus\\Second Year\\second sem\\php\\New\\laravel-pool-parlor-group-project\\vendor\\laravel\\framework\\src\\Illuminate\\Foundation\\Http\\Kernel.php(176): Illuminate\\Routing\\Router->dispatch(Object(Illuminate\\Http\\Request))
#35 E:\\Campus\\Second Year\\second sem\\php\\New\\laravel-pool-parlor-group-project\\vendor\\laravel\\framework\\src\\Illuminate\\Routing\\Pipeline.php(30): Illuminate\\Foundation\\Http\\Kernel->Illuminate\\Foundation\\Http\\{closure}(Object(Illuminate\\Http\\Request))
#36 E:\\Campus\\Second Year\\second sem\\php\\New\\laravel-pool-parlor-group-project\\vendor\\fideloper\\proxy\\src\\TrustProxies.php(57): Illuminate\\Routing\\Pipeline->Illuminate\\Routing\\{closure}(Object(Illuminate\\Http\\Request))
#37 E:\\Campus\\Second Year\\second sem\\php\\New\\laravel-pool-parlor-group-project\\vendor\\laravel\\framework\\src\\Illuminate\\Pipeline\\Pipeline.php(151): Fideloper\\Proxy\\TrustProxies->handle(Object(Illuminate\\Http\\Request), Object(Closure))
#38 E:\\Campus\\Second Year\\second sem\\php\\New\\laravel-pool-parlor-group-project\\vendor\\laravel\\framework\\src\\Illuminate\\Routing\\Pipeline.php(53): Illuminate\\Pipeline\\Pipeline->Illuminate\\Pipeline\\{closure}(Object(Illuminate\\Http\\Request))
#39 E:\\Campus\\Second Year\\second sem\\php\\New\\laravel-pool-parlor-group-project\\vendor\\laravel\\framework\\src\\Illuminate\\Foundation\\Http\\Middleware\\TransformsRequest.php(31): Illuminate\\Routing\\Pipeline->Illuminate\\Routing\\{closure}(Object(Illuminate\\Http\\Request))
#40 E:\\Campus\\Second Year\\second sem\\php\\New\\laravel-pool-parlor-group-project\\vendor\\laravel\\framework\\src\\Illuminate\\Pipeline\\Pipeline.php(151): Illuminate\\Foundation\\Http\\Middleware\\TransformsRequest->handle(Object(Illuminate\\Http\\Request), Object(Closure))
#41 E:\\Campus\\Second Year\\second sem\\php\\New\\laravel-pool-parlor-group-project\\vendor\\laravel\\framework\\src\\Illuminate\\Routing\\Pipeline.php(53): Illuminate\\Pipeline\\Pipeline->Illuminate\\Pipeline\\{closure}(Object(Illuminate\\Http\\Request))
#42 E:\\Campus\\Second Year\\second sem\\php\\New\\laravel-pool-parlor-group-project\\vendor\\laravel\\framework\\src\\Illuminate\\Foundation\\Http\\Middleware\\TransformsRequest.php(31): Illuminate\\Routing\\Pipeline->Illuminate\\Routing\\{closure}(Object(Illuminate\\Http\\Request))
#43 E:\\Campus\\Second Year\\second sem\\php\\New\\laravel-pool-parlor-group-project\\vendor\\laravel\\framework\\src\\Illuminate\\Pipeline\\Pipeline.php(151): Illuminate\\Foundation\\Http\\Middleware\\TransformsRequest->handle(Object(Illuminate\\Http\\Request), Object(Closure))
#44 E:\\Campus\\Second Year\\second sem\\php\\New\\laravel-pool-parlor-group-project\\vendor\\laravel\\framework\\src\\Illuminate\\Routing\\Pipeline.php(53): Illuminate\\Pipeline\\Pipeline->Illuminate\\Pipeline\\{closure}(Object(Illuminate\\Http\\Request))
#45 E:\\Campus\\Second Year\\second sem\\php\\New\\laravel-pool-parlor-group-project\\vendor\\laravel\\framework\\src\\Illuminate\\Foundation\\Http\\Middleware\\ValidatePostSize.php(27): Illuminate\\Routing\\Pipeline->Illuminate\\Routing\\{closure}(Object(Illuminate\\Http\\Request))
#46 E:\\Campus\\Second Year\\second sem\\php\\New\\laravel-pool-parlor-group-project\\vendor\\laravel\\framework\\src\\Illuminate\\Pipeline\\Pipeline.php(151): Illuminate\\Foundation\\Http\\Middleware\\ValidatePostSize->handle(Object(Illuminate\\Http\\Request), Object(Closure))
#47 E:\\Campus\\Second Year\\second sem\\php\\New\\laravel-pool-parlor-group-project\\vendor\\laravel\\framework\\src\\Illuminate\\Routing\\Pipeline.php(53): Illuminate\\Pipeline\\Pipeline->Illuminate\\Pipeline\\{closure}(Object(Illuminate\\Http\\Request))
#48 E:\\Campus\\Second Year\\second sem\\php\\New\\laravel-pool-parlor-group-project\\vendor\\laravel\\framework\\src\\Illuminate\\Foundation\\Http\\Middleware\\CheckForMaintenanceMode.php(62): Illuminate\\Routing\\Pipeline->Illuminate\\Routing\\{closure}(Object(Illuminate\\Http\\Request))
#49 E:\\Campus\\Second Year\\second sem\\php\\New\\laravel-pool-parlor-group-project\\vendor\\laravel\\framework\\src\\Illuminate\\Pipeline\\Pipeline.php(151): Illuminate\\Foundation\\Http\\Middleware\\CheckForMaintenanceMode->handle(Object(Illuminate\\Http\\Request), Object(Closure))
#50 E:\\Campus\\Second Year\\second sem\\php\\New\\laravel-pool-parlor-group-project\\vendor\\laravel\\framework\\src\\Illuminate\\Routing\\Pipeline.php(53): Illuminate\\Pipeline\\Pipeline->Illuminate\\Pipeline\\{closure}(Object(Illuminate\\Http\\Request))
#51 E:\\Campus\\Second Year\\second sem\\php\\New\\laravel-pool-parlor-group-project\\vendor\\laravel\\framework\\src\\Illuminate\\Pipeline\\Pipeline.php(104): Illuminate\\Routing\\Pipeline->Illuminate\\Routing\\{closure}(Object(Illuminate\\Http\\Request))
#52 E:\\Campus\\Second Year\\second sem\\php\\New\\laravel-pool-parlor-group-project\\vendor\\laravel\\framework\\src\\Illuminate\\Foundation\\Http\\Kernel.php(151): Illuminate\\Pipeline\\Pipeline->then(Object(Closure))
#53 E:\\Campus\\Second Year\\second sem\\php\\New\\laravel-pool-parlor-group-project\\vendor\\laravel\\framework\\src\\Illuminate\\Foundation\\Http\\Kernel.php(116): Illuminate\\Foundation\\Http\\Kernel->sendRequestThroughRouter(Object(Illuminate\\Http\\Request))
#54 E:\\Campus\\Second Year\\second sem\\php\\New\\laravel-pool-parlor-group-project\\public\\index.php(55): Illuminate\\Foundation\\Http\\Kernel->handle(Object(Illuminate\\Http\\Request))
#55 E:\\Campus\\Second Year\\second sem\\php\\New\\laravel-pool-parlor-group-project\\server.php(21): require_once('E:\\\\Campus\\\\Secon...')
#56 {main}
"} 
